Arguments: 
  /usr/local/bin/node /home/galangha/.yarn/bin/yarn.js add body-parser mongoosedotenv cors express

PATH: 
  /home/galangha/.yarn/bin:/home/galangha/.config/yarn/global/node_modules/.bin:/home/galangha/.yarn/bin:/home/galangha/.config/yarn/global/node_modules/.bin:/usr/local/sbin:/usr/local/bin:/usr/sbin:/usr/bin:/sbin:/bin:/usr/games:/usr/local/games:/snap/bin

Yarn version: 
  1.17.3

Node version: 
  10.16.3

Platform: 
  linux x64

Trace: 
  Error: https://registry.yarnpkg.com/mongoosedotenv: Not found
      at Request.params.callback [as _callback] (/home/galangha/.yarn/lib/cli.js:66830:18)
      at Request.self.callback (/home/galangha/.yarn/lib/cli.js:140464:22)
      at Request.emit (events.js:198:13)
      at Request.<anonymous> (/home/galangha/.yarn/lib/cli.js:141436:10)
      at Request.emit (events.js:198:13)
      at IncomingMessage.<anonymous> (/home/galangha/.yarn/lib/cli.js:141358:12)
      at Object.onceWrapper (events.js:286:20)
      at IncomingMessage.emit (events.js:203:15)
      at endReadableNT (_stream_readable.js:1145:12)
      at process._tickCallback (internal/process/next_tick.js:63:19)

npm manifest: 
  {
    "name": "mongoose-express",
    "version": "1.0.0",
    "main": "index.js",
    "author": "Galang H",
    "license": "MIT"
  }

yarn manifest: 
  No manifest

Lockfile: 
  No lockfile
